<?xml version="1.0" encoding="UTF-8"?>
<!-- Generated by org.testng.reporters.JUnitReportReporter -->
<testsuite hostname="LAPTOP-H5116SSL" failures="0" tests="1" name="TestScenarios.TestMethods_GoogleSearch" time="4.442" errors="0" timestamp="2023-10-20T01:13:39 IST" skipped="0">
  <testcase classname="TestScenarios.TestMethods_GoogleSearch" name="searchOperation" time="4.442"/>
  <system-out/>
</testsuite> <!-- TestScenarios.TestMethods_GoogleSearch -->
