<?xml version="1.0" encoding="UTF-8"?>
<!-- Generated by org.testng.reporters.JUnitReportReporter -->
<testsuite skipped="0" hostname="LAPTOP-H5116SSL" name="TestScenarios.TestMethods_GoogleSearch" tests="1" failures="0" timestamp="2023-10-20T01:05:31 IST" time="4.566" errors="0">
  <testcase name="searchOperation" time="4.566" classname="TestScenarios.TestMethods_GoogleSearch"/>
  <system-out/>
</testsuite> <!-- TestScenarios.TestMethods_GoogleSearch -->
